Thu Dec 26 09:29:45 AM +03 2024 - AAPL: 
Thu Dec 26 09:30:47 AM +03 2024 - AAPL: 
Thu Dec 26 09:33:10 AM +03 2024 - AAPL: 
Thu Dec 26 09:36:20 AM +03 2024 - AAPL: API Response: {
    "Meta Data": {
        "1. Information": "Intraday (1min) open, high, low, close prices and volume",
        "2. Symbol": "AAPL",
        "3. Last Refreshed": "2024-12-24 16:59:00",
        "4. Interval": "1min",
        "5. Output Size": "Compact",
        "6. Time Zone": "US/Eastern"
    },
    "Time Series (1min)": {
        "2024-12-24 16:59:00": {
            "1. open": "258.1300",
            "2. high": "258.1600",
            "3. low": "258.1000",
            "4. close": "258.1600",
            "5. volume": "335"
        },
        "2024-12-24 16:58:00": {
            "1. open": "258.1100",
            "2. high": "258.1600",
            "3. low": "258.0900",
            "4. close": "258.1101",
            "5. volume": "648"
        },
        "2024-12-24 16:57:00": {
            "1. open": "258.1200",
            "2. high": "258.1600",
            "3. low": "258.1050",
            "4. close": "258.1300",
            "5. volume": "123"
        },
        "2024-12-24 16:56:00": {
            "1. open": "258.1400",
            "2. high": "258.1400",
            "3. low": "258.0700",
            "4. close": "258.1050",
            "5. volume": "120"
        },
        "2024-12-24 16:55:00": {
            "1. open": "258.1100",
            "2. high": "258.1300",
            "3. low": "258.0700",
            "4. close": "258.1300",
            "5. volume": "115"
        },
        "2024-12-24 16:54:00": {
            "1. open": "258.1388",
            "2. high": "258.1400",
            "3. low": "258.1050",
            "4. close": "258.1300",
            "5. volume": "104"
        },
        "2024-12-24 16:53:00": {
            "1. open": "258.1100",
            "2. high": "258.1398",
            "3. low": "258.1000",
            "4. close": "258.1050",
            "5. volume": "18"
        },
        "2024-12-24 16:52:00": {
            "1. open": "258.1000",
            "2. high": "258.1482",
            "3. low": "258.0600",
            "4. close": "258.1000",
            "5. volume": "2445"
        },
        "2024-12-24 16:51:00": {
            "1. open": "258.1000",
            "2. high": "258.1300",
            "3. low": "258.0100",
            "4. close": "258.1000",
            "5. volume": "1186"
        },
        "2024-12-24 16:50:00": {
            "1. open": "258.1200",
            "2. high": "258.1700",
            "3. low": "257.9750",
            "4. close": "257.9842",
            "5. volume": "2049"
        },
        "2024-12-24 16:49:00": {
            "1. open": "258.1400",
            "2. high": "258.1400",
            "3. low": "258.0450",
            "4. close": "258.0450",
            "5. volume": "31"
        },
        "2024-12-24 16:48:00": {
            "1. open": "258.0550",
            "2. high": "258.1400",
            "3. low": "257.9500",
            "4. close": "258.1400",
            "5. volume": "36"
        },
        "2024-12-24 16:47:00": {
            "1. open": "258.1100",
            "2. high": "258.1500",
            "3. low": "257.9700",
            "4. close": "258.1500",
            "5. volume": "128"
        },
        "2024-12-24 16:46:00": {
            "1. open": "258.1100",
            "2. high": "258.1500",
            "3. low": "257.9500",
            "4. close": "258.0550",
            "5. volume": "715"
        },
        "2024-12-24 16:45:00": {
            "1. open": "258.1100",
            "2. high": "258.1600",
            "3. low": "258.0600",
            "4. close": "258.1000",
            "5. volume": "107"
        },
        "2024-12-24 16:44:00": {
            "1. open": "258.1800",
            "2. high": "258.1800",
            "3. low": "258.0500",
            "4. close": "258.1000",
            "5. volume": "88"
        },
        "2024-12-24 16:43:00": {
            "1. open": "258.0700",
            "2. high": "258.1700",
            "3. low": "258.0000",
            "4. close": "258.1150",
            "5. volume": "70"
        },
        "2024-12-24 16:42:00": {
            "1. open": "258.0600",
            "2. high": "258.1800",
            "3. low": "258.0000",
            "4. close": "258.1800",
            "5. volume": "2193"
        },
        "2024-12-24 16:41:00": {
            "1. open": "257.9900",
            "2. high": "258.0600",
            "3. low": "257.9600",
            "4. close": "258.0500",
            "5. volume": "1298"
        },
        "2024-12-24 16:40:00": {
            "1. open": "257.9800",
            "2. high": "257.9900",
            "3. low": "257.9600",
            "4. close": "257.9900",
            "5. volume": "49"
        },
        "2024-12-24 16:39:00": {
            "1. open": "257.9600",
            "2. high": "257.9900",
            "3. low": "257.9600",
            "4. close": "257.9750",
            "5. volume": "55"
        },
        "2024-12-24 16:38:00": {
            "1. open": "257.9600",
            "2. high": "257.9800",
            "3. low": "257.8900",
            "4. close": "257.9400",
            "5. volume": "49"
        },
        "2024-12-24 16:37:00": {
            "1. open": "257.9500",
            "2. high": "257.9800",
            "3. low": "257.9500",
            "4. close": "257.9600",
            "5. volume": "106"
        },
        "2024-12-24 16:36:00": {
            "1. open": "257.9700",
            "2. high": "257.9900",
            "3. low": "257.9500",
            "4. close": "257.9800",
            "5. volume": "41"
        },
        "2024-12-24 16:35:00": {
            "1. open": "257.9500",
            "2. high": "257.9900",
            "3. low": "257.9500",
            "4. close": "257.9700",
            "5. volume": "22"
        },
        "2024-12-24 16:34:00": {
            "1. open": "257.9900",
            "2. high": "257.9900",
            "3. low": "257.9500",
            "4. close": "257.9800",
            "5. volume": "11"
        },
        "2024-12-24 16:33:00": {
            "1. open": "257.9800",
            "2. high": "257.9800",
            "3. low": "257.9500",
            "4. close": "257.9600",
            "5. volume": "151"
        },
        "2024-12-24 16:32:00": {
            "1. open": "257.9700",
            "2. high": "257.9888",
            "3. low": "257.9500",
            "4. close": "257.9800",
            "5. volume": "16"
        },
        "2024-12-24 16:31:00": {
            "1. open": "257.9700",
            "2. high": "257.9800",
            "3. low": "257.9500",
            "4. close": "257.9800",
            "5. volume": "177"
        },
        "2024-12-24 16:30:00": {
            "1. open": "257.9800",
            "2. high": "257.9800",
            "3. low": "257.9500",
            "4. close": "257.9500",
            "5. volume": "52"
        },
        "2024-12-24 16:29:00": {
            "1. open": "257.9400",
            "2. high": "257.9900",
            "3. low": "257.8600",
            "4. close": "257.9700",
            "5. volume": "256"
        },
        "2024-12-24 16:28:00": {
            "1. open": "257.9200",
            "2. high": "257.9900",
            "3. low": "257.8600",
            "4. close": "257.9250",
            "5. volume": "21"
        },
        "2024-12-24 16:27:00": {
            "1. open": "257.8800",
            "2. high": "257.9900",
            "3. low": "257.8500",
            "4. close": "257.9900",
            "5. volume": "47"
        },
        "2024-12-24 16:26:00": {
            "1. open": "257.9550",
            "2. high": "257.9550",
            "3. low": "257.8500",
            "4. close": "257.8500",
            "5. volume": "55"
        },
        "2024-12-24 16:25:00": {
            "1. open": "257.9400",
            "2. high": "257.9900",
            "3. low": "257.8500",
            "4. close": "257.9200",
            "5. volume": "121"
        },
        "2024-12-24 16:24:00": {
            "1. open": "257.9400",
            "2. high": "257.9900",
            "3. low": "257.8500",
            "4. close": "257.9900",
            "5. volume": "611"
        },
        "2024-12-24 16:23:00": {
            "1. open": "257.9450",
            "2. high": "257.9900",
            "3. low": "257.9400",
            "4. close": "257.9450",
            "5. volume": "12"
        },
        "2024-12-24 16:22:00": {
            "1. open": "257.9450",
            "2. high": "257.9450",
            "3. low": "257.9000",
            "4. close": "257.9400",
            "5. volume": "88"
        },
        "2024-12-24 16:21:00": {
            "1. open": "257.9300",
            "2. high": "257.9900",
            "3. low": "257.9000",
            "4. close": "257.9450",
            "5. volume": "31"
        },
        "2024-12-24 16:20:00": {
            "1. open": "257.9450",
            "2. high": "257.9900",
            "3. low": "257.9000",
            "4. close": "257.9450",
            "5. volume": "12"
        },
        "2024-12-24 16:19:00": {
            "1. open": "257.9350",
            "2. high": "257.9700",
            "3. low": "257.9000",
            "4. close": "257.9300",
            "5. volume": "143"
        },
        "2024-12-24 16:18:00": {
            "1. open": "257.9350",
            "2. high": "257.9700",
            "3. low": "257.9000",
            "4. close": "257.9000",
            "5. volume": "59"
        },
        "2024-12-24 16:17:00": {
            "1. open": "257.9000",
            "2. high": "257.9700",
            "3. low": "257.9000",
            "4. close": "257.9350",
            "5. volume": "16"
        },
        "2024-12-24 16:16:00": {
            "1. open": "257.9050",
            "2. high": "257.9350",
            "3. low": "257.9000",
            "4. close": "257.9000",
            "5. volume": "57"
        },
        "2024-12-24 16:15:00": {
            "1. open": "257.9000",
            "2. high": "257.9700",
            "3. low": "257.8400",
            "4. close": "257.9700",
            "5. volume": "11"
        },
        "2024-12-24 16:14:00": {
            "1. open": "257.9100",
            "2. high": "257.9100",
            "3. low": "257.8400",
            "4. close": "257.9050",
            "5. volume": "13"
        },
        "2024-12-24 16:13:00": {
            "1. open": "257.9050",
            "2. high": "257.9700",
            "3. low": "257.8900",
            "4. close": "257.9050",
            "5. volume": "229"
        },
        "2024-12-24 16:12:00": {
            "1. open": "257.8850",
            "2. high": "257.9100",
            "3. low": "257.8400",
            "4. close": "257.8900",
            "5. volume": "175"
        },
        "2024-12-24 16:11:00": {
            "1. open": "257.8650",
            "2. high": "257.8900",
            "3. low": "257.8650",
            "4. close": "257.8850",
            "5. volume": "219"
        },
        "2024-12-24 16:10:00": {
            "1. open": "257.9000",
            "2. high": "257.9000",
            "3. low": "257.8400",
            "4. close": "257.8800",
            "5. volume": "215"
        },
        "2024-12-24 16:09:00": {
            "1. open": "257.9000",
            "2. high": "257.9000",
            "3. low": "257.8400",
            "4. close": "257.8700",
            "5. volume": "210"
        },
        "2024-12-24 16:08:00": {
            "1. open": "257.8600",
            "2. high": "257.8700",
            "3. low": "257.8500",
            "4. close": "257.8500",
            "5. volume": "119"
        },
        "2024-12-24 16:07:00": {
            "1. open": "257.8450",
            "2. high": "257.8800",
            "3. low": "257.8410",
            "4. close": "257.8600",
            "5. volume": "44"
        },
        "2024-12-24 16:06:00": {
            "1. open": "257.8200",
            "2. high": "257.8800",
            "3. low": "257.8100",
            "4. close": "257.8450",
            "5. volume": "54"
        },
        "2024-12-24 16:05:00": {
            "1. open": "257.8600",
            "2. high": "257.8900",
            "3. low": "257.8100",
            "4. close": "257.8450",
            "5. volume": "127"
        },
        "2024-12-24 16:04:00": {
            "1. open": "257.8600",
            "2. high": "257.8600",
            "3. low": "257.8200",
            "4. close": "257.8600",
            "5. volume": "129"
        },
        "2024-12-24 16:03:00": {
            "1. open": "257.8200",
            "2. high": "257.9000",
            "3. low": "257.8200",
            "4. close": "257.8600",
            "5. volume": "28"
        },
        "2024-12-24 16:02:00": {
            "1. open": "257.8300",
            "2. high": "257.9000",
            "3. low": "257.8200",
            "4. close": "257.8600",
            "5. volume": "64"
        },
        "2024-12-24 16:01:00": {
            "1. open": "257.8200",
            "2. high": "257.9000",
            "3. low": "257.8200",
            "4. close": "257.8300",
            "5. volume": "273"
        },
        "2024-12-24 16:00:00": {
            "1. open": "257.8600",
            "2. high": "257.9000",
            "3. low": "257.8200",
            "4. close": "257.8600",
            "5. volume": "29"
        },
        "2024-12-24 15:59:00": {
            "1. open": "257.8400",
            "2. high": "257.9000",
            "3. low": "257.8200",
            "4. close": "257.8500",
            "5. volume": "242"
        },
        "2024-12-24 15:58:00": {
            "1. open": "257.8300",
            "2. high": "257.9000",
            "3. low": "257.8200",
            "4. close": "257.9000",
            "5. volume": "1016"
        },
        "2024-12-24 15:57:00": {
            "1. open": "257.8500",
            "2. high": "257.9000",
            "3. low": "257.8300",
            "4. close": "257.8600",
            "5. volume": "297"
        },
        "2024-12-24 15:56:00": {
            "1. open": "257.8200",
            "2. high": "257.8600",
            "3. low": "257.8200",
            "4. close": "257.8400",
            "5. volume": "27"
        },
        "2024-12-24 15:55:00": {
            "1. open": "257.8600",
            "2. high": "257.8600",
            "3. low": "257.8400",
            "4. close": "257.8400",
            "5. volume": "7"
        },
        "2024-12-24 15:54:00": {
            "1. open": "257.8300",
            "2. high": "257.9000",
            "3. low": "257.8200",
            "4. close": "257.8300",
            "5. volume": "56"
        },
        "2024-12-24 15:53:00": {
            "1. open": "257.9000",
            "2. high": "257.9000",
            "3. low": "257.8200",
            "4. close": "257.8600",
            "5. volume": "1106"
        },
        "2024-12-24 15:52:00": {
            "1. open": "257.8200",
            "2. high": "257.9000",
            "3. low": "257.8200",
            "4. close": "257.8500",
            "5. volume": "1041"
        },
        "2024-12-24 15:51:00": {
            "1. open": "257.8200",
            "2. high": "257.8600",
            "3. low": "257.8200",
            "4. close": "257.8600",
            "5. volume": "20"
        },
        "2024-12-24 15:50:00": {
            "1. open": "257.8600",
            "2. high": "257.9000",
            "3. low": "257.8200",
            "4. close": "257.8600",
            "5. volume": "42"
        },
        "2024-12-24 15:49:00": {
            "1. open": "257.8750",
            "2. high": "257.9000",
            "3. low": "257.8200",
            "4. close": "257.8600",
            "5. volume": "6"
        },
        "2024-12-24 15:48:00": {
            "1. open": "257.8750",
            "2. high": "257.9300",
            "3. low": "257.8200",
            "4. close": "257.8800",
            "5. volume": "185"
        },
        "2024-12-24 15:47:00": {
            "1. open": "257.8800",
            "2. high": "257.9300",
            "3. low": "257.8200",
            "4. close": "257.8800",
            "5. volume": "169"
        },
        "2024-12-24 15:46:00": {
            "1. open": "258.0200",
            "2. high": "258.0600",
            "3. low": "257.8600",
            "4. close": "258.0600",
            "5. volume": "9"
        },
        "2024-12-24 15:45:00": {
            "1. open": "257.8700",
            "2. high": "257.9800",
            "3. low": "257.8100",
            "4. close": "257.9800",
            "5. volume": "15"
        },
        "2024-12-24 15:44:00": {
            "1. open": "257.9300",
            "2. high": "257.9300",
            "3. low": "257.8100",
            "4. close": "257.8700",
            "5. volume": "30"
        },
        "2024-12-24 15:43:00": {
            "1. open": "257.8100",
            "2. high": "257.9300",
            "3. low": "257.8100",
            "4. close": "257.8700",
            "5. volume": "45"
        },
        "2024-12-24 15:42:00": {
            "1. open": "257.8700",
            "2. high": "257.9300",
            "3. low": "257.8100",
            "4. close": "257.9300",
            "5. volume": "53"
        },
        "2024-12-24 15:41:00": {
            "1. open": "257.8700",
            "2. high": "257.9300",
            "3. low": "257.8000",
            "4. close": "257.9300",
            "5. volume": "62"
        },
        "2024-12-24 15:40:00": {
            "1. open": "257.8650",
            "2. high": "257.9300",
            "3. low": "257.8000",
            "4. close": "257.8000",
            "5. volume": "92"
        },
        "2024-12-24 15:39:00": {
            "1. open": "257.8000",
            "2. high": "257.9300",
            "3. low": "257.8000",
            "4. close": "257.8650",
            "5. volume": "293"
        },
        "2024-12-24 15:38:00": {
            "1. open": "257.8800",
            "2. high": "257.9300",
            "3. low": "257.8000",
            "4. close": "257.8000",
            "5. volume": "197"
        },
        "2024-12-24 15:37:00": {
            "1. open": "257.8000",
            "2. high": "257.9300",
            "3. low": "257.8000",
            "4. close": "257.8650",
            "5. volume": "233"
        },
        "2024-12-24 15:36:00": {
            "1. open": "257.8000",
            "2. high": "257.9300",
            "3. low": "257.8000",
            "4. close": "257.8600",
            "5. volume": "229"
        },
        "2024-12-24 15:35:00": {
            "1. open": "257.9000",
            "2. high": "257.9300",
            "3. low": "257.8000",
            "4. close": "257.8500",
            "5. volume": "530"
        },
        "2024-12-24 15:34:00": {
            "1. open": "257.8200",
            "2. high": "257.9000",
            "3. low": "257.8200",
            "4. close": "257.8750",
            "5. volume": "12"
        },
        "2024-12-24 15:33:00": {
            "1. open": "257.8700",
            "2. high": "257.9100",
            "3. low": "257.8200",
            "4. close": "257.9000",
            "5. volume": "273"
        },
        "2024-12-24 15:32:00": {
            "1. open": "257.8800",
            "2. high": "257.8900",
            "3. low": "257.8300",
            "4. close": "257.8300",
            "5. volume": "153"
        },
        "2024-12-24 15:31:00": {
            "1. open": "257.9300",
            "2. high": "257.9300",
            "3. low": "257.8300",
            "4. close": "257.8800",
            "5. volume": "57"
        },
        "2024-12-24 15:30:00": {
            "1. open": "257.8800",
            "2. high": "257.9300",
            "3. low": "257.8400",
            "4. close": "257.8800",
            "5. volume": "20"
        },
        "2024-12-24 15:29:00": {
            "1. open": "257.8300",
            "2. high": "257.9300",
            "3. low": "257.8300",
            "4. close": "257.9000",
            "5. volume": "178"
        },
        "2024-12-24 15:28:00": {
            "1. open": "257.9000",
            "2. high": "257.9700",
            "3. low": "257.8800",
            "4. close": "257.8800",
            "5. volume": "34"
        },
        "2024-12-24 15:27:00": {
            "1. open": "257.9700",
            "2. high": "257.9700",
            "3. low": "257.8200",
            "4. close": "257.9000",
            "5. volume": "23"
        },
        "2024-12-24 15:26:00": {
            "1. open": "257.9300",
            "2. high": "257.9699",
            "3. low": "257.8200",
            "4. close": "257.9699",
            "5. volume": "332"
        },
        "2024-12-24 15:25:00": {
            "1. open": "257.8600",
            "2. high": "257.9300",
            "3. low": "257.8200",
            "4. close": "257.8200",
            "5. volume": "57"
        },
        "2024-12-24 15:24:00": {
            "1. open": "257.9300",
            "2. high": "257.9300",
            "3. low": "257.8200",
            "4. close": "257.8750",
            "5. volume": "22"
        },
        "2024-12-24 15:23:00": {
            "1. open": "257.8400",
            "2. high": "257.9300",
            "3. low": "257.8200",
            "4. close": "257.8750",
            "5. volume": "42"
        },
        "2024-12-24 15:22:00": {
            "1. open": "257.8750",
            "2. high": "257.9300",
            "3. low": "257.8200",
            "4. close": "257.8200",
            "5. volume": "75"
        },
        "2024-12-24 15:21:00": {
            "1. open": "257.8050",
            "2. high": "257.8750",
            "3. low": "257.7600",
            "4. close": "257.8200",
            "5. volume": "2911"
        },
        "2024-12-24 15:20:00": {
            "1. open": "257.8500",
            "2. high": "257.8500",
            "3. low": "257.7600",
            "4. close": "257.8050",
            "5. volume": "177"
        }
    }
}
258.1300
